<?xml version="1.0" encoding="utf-8" standalone="no"?>
<test-results xmlns:xsi="http://www.w3.org/2001/XMLSchema-instance" xsi:noNamespaceSchemaLocation="nunit_schema_2.5.xsd" name="Pester" total="8" errors="0" failures="0" not-run="0" inconclusive="0" ignored="0" skipped="0" invalid="0" date="2026-06-08" time="23:54:47">
  <environment machine-name="Ans-MacBook-Pro-2.local" user="paulaan" user-domain="" os-version="25.5.0" nunit-version="2.5.8.0" cwd="/Users/paulaan/PycharmProjects/os-twin" clr-version="10.0.5" platform="Darwin" />
  <culture-info current-culture="en-VN" current-uiculture="en-VN" />
  <test-suite type="TestFixture" name="Pester" executed="True" result="Success" success="True" time="5.5416" asserts="0" description="Pester">
    <results>
      <test-suite type="TestFixture" name="/Users/paulaan/PycharmProjects/os-twin/.agents/tests/workspace/GitWorkspace.Tests.ps1" executed="True" result="Success" success="True" time="5.5416" asserts="0" description="/Users/paulaan/PycharmProjects/os-twin/.agents/tests/workspace/GitWorkspace.Tests.ps1">
        <results>
          <test-suite type="TestFixture" name="GitWorkspace preflight" executed="True" result="Success" success="True" time="1.0136" asserts="0" description="GitWorkspace preflight">
            <results>
              <test-case description="fails outside a Git work tree" name="GitWorkspace preflight.fails outside a Git work tree" time="0.0979" asserts="0" success="True" result="Success" executed="True" />
              <test-case description="fails when tracked files are dirty" name="GitWorkspace preflight.fails when tracked files are dirty" time="0.4079" asserts="0" success="True" result="Success" executed="True" />
              <test-case description="allows generated untracked Ostwin runtime state" name="GitWorkspace preflight.allows generated untracked Ostwin runtime state" time="0.4617" asserts="0" success="True" result="Success" executed="True" />
            </results>
          </test-suite>
          <test-suite type="TestFixture" name="GitWorkspace lazy room worktrees" executed="True" result="Success" success="True" time="5.3796" asserts="0" description="GitWorkspace lazy room worktrees">
            <results>
              <test-case description="creates a room worktree under source .worktree and keeps room state in .war-rooms" name="GitWorkspace lazy room worktrees.creates a room worktree under source .worktree and keeps room state in .war-rooms" time="0.677" asserts="0" success="True" result="Success" executed="True" />
              <test-case description="does not unblock dependencies that are done but not merged" name="GitWorkspace lazy room worktrees.does not unblock dependencies that are done but not merged" time="0.4818" asserts="0" success="True" result="Success" executed="True" />
              <test-case description="unblocks dependencies when predecessor is done and manifest is merged" name="GitWorkspace lazy room worktrees.unblocks dependencies when predecessor is done and manifest is merged" time="0.4669" asserts="0" success="True" result="Success" executed="True" />
              <test-case description="merges two epic room worktrees back while preserving .war-rooms artifacts" name="GitWorkspace lazy room worktrees.merges two epic room worktrees back while preserving .war-rooms artifacts" time="1.5649" asserts="0" success="True" result="Success" executed="True" />
              <test-case description="records merge conflicts in the manifest and room artifact" name="GitWorkspace lazy room worktrees.records merge conflicts in the manifest and room artifact" time="1.113" asserts="0" success="True" result="Success" executed="True" />
            </results>
          </test-suite>
        </results>
      </test-suite>
    </results>
  </test-suite>
</test-results>